#
# A fatal error has been detected by the Java Runtime Environment:
#
#  EXCEPTION_ACCESS_VIOLATION (0xc0000005) at pc=0x00007ff9262d1d53, pid=4964, tid=10620
#
# JRE version: OpenJDK Runtime Environment Corretto-17.0.6.10.1 (17.0.6+10) (build 17.0.6+10-LTS)
# Java VM: OpenJDK 64-Bit Server VM Corretto-17.0.6.10.1 (17.0.6+10-LTS, mixed mode, sharing, tiered, compressed oops, compressed class ptrs, g1 gc, windows-amd64)
# Problematic frame:
# V  [jvm.dll+0x371d53]
#
# No core dump will be written. Minidumps are not enabled by default on client versions of Windows
#
# If you would like to submit a bug report, please visit:
#   https://github.com/corretto/corretto-17/issues/
#

---------------  S U M M A R Y ------------

Command Line: -ea -Didea.test.cyclic.buffer.size=1048576 -javaagent:C:\Program Files\JetBrains\IntelliJ IDEA Community Edition 2022.3.2\lib\idea_rt.jar=62191:C:\Program Files\JetBrains\IntelliJ IDEA Community Edition 2022.3.2\bin -Dfile.encoding=UTF-8 com.intellij.rt.testng.RemoteTestNGStarter -usedefaultlisteners false -socket62190 @w@C:\Users\ASUS\AppData\Local\Temp\idea_working_dirs_testng.tmp -temp C:\Users\ASUS\AppData\Local\Temp\idea_testng.tmp

Host: 11th Gen Intel(R) Core(TM) i5-1135G7 @ 2.40GHz, 8 cores, 7G,  Windows 10 , 64 bit Build 19041 (10.0.19041.2546)
Time: Wed Apr 19 14:25:10 2023  Windows 10 , 64 bit Build 19041 (10.0.19041.2546) elapsed time: 1.764973 seconds (0d 0h 0m 1s)

---------------  T H R E A D  ---------------

Current thread (0x00000247d09cc6b0):  JavaThread "Driver Service Executor" daemon [_thread_in_vm, id=10620, stack(0x000000cb32c00000,0x000000cb32d00000)]

Stack: [0x000000cb32c00000,0x000000cb32d00000],  sp=0x000000cb32cff750,  free space=1021k
Native frames: (J=compiled Java code, j=interpreted, Vv=VM code, C=native code)
V  [jvm.dll+0x371d53]
V  [jvm.dll+0x64b2c2]
V  [jvm.dll+0x37298b]
V  [jvm.dll+0x372c17]
V  [jvm.dll+0x3f1e01]
V  [jvm.dll+0x7b77bb]
V  [jvm.dll+0x7b1d6a]
