#
# There is insufficient memory for the Java Runtime Environment to continue.
# Native memory allocation (malloc) failed to allocate 463600 bytes for Chunk::new
# Possible reasons:
#   The system is out of physical RAM or swap space
#   The process is running with CompressedOops enabled, and the Java Heap may be blocking the growth of the native heap
# Possible solutions:
#   Reduce memory load on the system
#   Increase physical memory or swap space
#   Check if swap backing store is full
#   Decrease Java heap size (-Xmx/-Xms)
#   Decrease number of Java threads
#   Decrease Java thread stack sizes (-Xss)
#   Set larger code cache with -XX:ReservedCodeCacheSize=
#   JVM is running with Unscaled Compressed Oops mode in which the Java heap is
#     placed in the first 4GB address space. The Java Heap base address is the
#     maximum limit for the native heap growth. Please use -XX:HeapBaseMinAddress
#     to set the Java Heap base and to place the Java Heap above 4GB virtual address.
# This output file may be truncated or incomplete.
#
#  Out of Memory Error (arena.cpp:189), pid=12928, tid=10188
#
# JRE version: OpenJDK Runtime Environment Corretto-17.0.6.10.1 (17.0.6+10) (build 17.0.6+10-LTS)
# Java VM: OpenJDK 64-Bit Server VM Corretto-17.0.6.10.1 (17.0.6+10-LTS, mixed mode, sharing, tiered, compressed oops, compressed class ptrs, g1 gc, windows-amd64)
# No core dump will be written. Minidumps are not enabled by default on client versions of Windows
#

---------------  S U M M A R Y ------------

Command Line: -ea -Didea.test.cyclic.buffer.size=1048576 -javaagent:C:\Program Files\JetBrains\IntelliJ IDEA Community Edition 2022.3.2\lib\idea_rt.jar=62027:C:\Program Files\JetBrains\IntelliJ IDEA Community Edition 2022.3.2\bin -Dfile.encoding=UTF-8 com.intellij.rt.testng.RemoteTestNGStarter -usedefaultlisteners false -socket62026 @w@C:\Users\ASUS\AppData\Local\Temp\idea_working_dirs_testng.tmp -temp C:\Users\ASUS\AppData\Local\Temp\idea_testng.tmp

Host: 11th Gen Intel(R) Core(TM) i5-1135G7 @ 2.40GHz, 8 cores, 7G,  Windows 10 , 64 bit Build 19041 (10.0.19041.2546)
Time: Wed Apr 19 14:20:25 2023  Windows 10 , 64 bit Build 19041 (10.0.19041.2546) elapsed time: 1.779796 seconds (0d 0h 0m 1s)

---------------  T H R E A D  ---------------

Current thread (0x0000019ab2549980):  JavaThread "C2 CompilerThread0" daemon [_thread_in_native, id=10188, stack(0x0000004395c00000,0x0000004395d00000)]


Current CompileTask:
C2:   1779 1952       4       jdk.internal.loader.URLClassPath::getResource (74 bytes)

Stack: [0x0000004395c00000,0x0000004395d00000]
Native frames: (J=compiled Java code, j=interpreted, Vv=VM code, C=native code)
V  [jvm.dll+0x64b39a]
V  [jvm.dll+0x7ff044]
V  [jvm.dll+0x8007fe]
V  [jvm.dll+0x800e53]
V  [jvm.dll+0x235848]
V  [jvm.dll+0xbce6c]
V  [jvm.dll+0xbd44c]
V  [jvm.dll+0x34f2a7]
V  [jvm.dll+0x319ccf]
V  [jvm.dll+0x31910a]
V  [jvm.dll+0x209ca5]
V  [jvm.dll+0x209237]
V  [jvm.dll+0x19926d]
V  [jvm.dll+0x2185dd]
V  [jvm.dll+0x216824]
V  [jvm.dll+0x7b77bb]
V  [jvm.dll+0x7b1d6a]
V  [jvm.dll+0x64a265]
C  [ucrtbase.dll+0x21bb2]
C  [KERNEL32.DLL+0x17614]
C  [ntdll.dll+0x526a1]


---------------  P R O C E S S  ---------------

Threads class SMR info:
_java_thread_list=0x0000019ab449f2f0, length=16, elements={
0x0000019a943c2a60, 0x0000019ab2527a40, 0x0000019ab25283f0, 0x0000019ab253f540,
0x0000019ab2541f00, 0x0000019ab25438c0, 0x0000019ab2544270, 0x0000019ab2549980,
0x0000019ab2556590, 0x0000019ab255a0d0, 0x0000019ab30cd010, 0x0000019ab317e320,
0x0000019ab317e7f0, 0x0000019ab41135c0, 0x0000019ab4110f40, 0x0000019ab2554220
}

Java Threads: ( => current thread )
  0x0000019a943c2a60 JavaThread "main" [_thread_in_Java, id=32356, stack(0x0000004394f00000,0x0000004395000000)]
  0x0000019ab2527a40 JavaThread "Reference Handler" daemon [_thread_blocked, id=20396, stack(0x0000004395600000,0x0000004395700000)]
  0x0000019ab25283f0 JavaThread "Finalizer" daemon [_thread_blocked, id=35356, stack(0x0000004395700000,0x0000004395800000)]
  0x0000019ab253f540 JavaThread "Signal Dispatcher" daemon [_thread_blocked, id=25608, stack(0x0000004395800000,0x0000004395900000)]
  0x0000019ab2541f00 JavaThread "Attach Listener" daemon [_thread_blocked, id=32696, stack(0x0000004395900000,0x0000004395a00000)]
  0x0000019ab25438c0 JavaThread "Service Thread" daemon [_thread_blocked, id=33132, stack(0x0000004395a00000,0x0000004395b00000)]
  0x0000019ab2544270 JavaThread "Monitor Deflation Thread" daemon [_thread_blocked, id=21012, stack(0x0000004395b00000,0x0000004395c00000)]
=>0x0000019ab2549980 JavaThread "C2 CompilerThread0" daemon [_thread_in_native, id=10188, stack(0x0000004395c00000,0x0000004395d00000)]
  0x0000019ab2556590 JavaThread "C1 CompilerThread0" daemon [_thread_in_vm, id=35256, stack(0x0000004395d00000,0x0000004395e00000)]
  0x0000019ab255a0d0 JavaThread "Sweeper thread" daemon [_thread_blocked, id=32484, stack(0x0000004395e00000,0x0000004395f00000)]
  0x0000019ab30cd010 JavaThread "Common-Cleaner" daemon [_thread_blocked, id=29204, stack(0x0000004395f00000,0x0000004396000000)]
  0x0000019ab317e320 JavaThread "Monitor Ctrl-Break" daemon [_thread_in_native, id=22000, stack(0x0000004396000000,0x0000004396100000)]
  0x0000019ab317e7f0 JavaThread "Notification Thread" daemon [_thread_blocked, id=14600, stack(0x0000004396100000,0x0000004396200000)]
  0x0000019ab41135c0 JavaThread "ForkJoinPool.commonPool-worker-1" daemon [_thread_blocked, id=2936, stack(0x0000004396300000,0x0000004396400000)]
  0x0000019ab4110f40 JavaThread "AsyncHttpClient-1-1" daemon [_thread_blocked, id=21960, stack(0x0000004396a00000,0x0000004396b00000)]
  0x0000019ab2554220 JavaThread "C2 CompilerThread1" daemon [_thread_blocked, id=35448, stack(0x0000004396b00000,0x0000004396c00000)]

Other Threads:
  0x0000019ab2520c90 VMThread "VM Thread" [stack: 0x0000004395500000,0x0000004395600000] [id=804]
  0x0000019a9443e7b0 WatcherThread [stack: 0x0000004396200000,0x0000004396300000] [id=26276]
  0x0000019a9441d1e0 GCTaskThread "GC Thread#0" [stack: 0x0000004395000000,0x0000004395100000] [id=11092]
  0x0000019ab4719c70 GCTaskThread "GC Thread#1" [stack: 0x0000004396400000,0x0000004396500000] [id=29040]
  0x0000019ab3b039a0 GCTaskThread "GC Thread#2" [stack: 0x0000004396500000,0x0000004396600000] [id=36932]
  0x0000019ab412b0d0 GCTaskThread "GC Thread#3" [stack: 0x0000004396600000,0x0000004396700000] [id=18740]
  0x0000019ab412b380 GCTaskThread "GC Thread#4" [stack: 0x0000004396700000,0x0000004396800000] [id=37756]
  0x0000019ab42bbab0 GCTaskThread "GC Thread#5" [stack: 0x0000004396800000,0x0000004396900000] [id=28508]
  0x0000019ab42bc170 GCTaskThread "GC Thread#6" [stack: 0x0000004396900000,0x0000004396a00000] [id=34948]
  0x0000019a9442d7a0 ConcurrentGCThread "G1 Main Marker" [stack: 0x0000004395100000,0x0000004395200000] [id=37656]
  0x0000019a9442e1b0 ConcurrentGCThread "G1 Conc#0" [stack: 0x0000004395200000,0x0000004395300000] [id=22604]
  0x0000019a944848d0 ConcurrentGCThread "G1 Refine#0" [stack: 0x0000004395300000,0x0000004395400000] [id=9896]
  0x0000019ab23d2400 ConcurrentGCThread "G1 Service" [stack: 0x0000004395400000,0x0000004395500000] [id=23176]

Threads with active compile tasks:
C2 CompilerThread0     1795 1952       4       jdk.internal.loader.URLClassPath::getResource (74 bytes)
C1 CompilerThread0     1795 1975   !   3       java.lang.invoke.MethodHandles$Lookup::canBeCached (150 bytes)

VM state: not at safepoint (normal execution)

VM Mutex/Monitor currently owned by a thread: None

Heap address: 0x0000000084c00000, size: 1972 MB, Compressed Oops mode: 32-bit

CDS archive(s) mapped at: [0x0000000800000000-0x0000000800bc0000-0x0000000800bc0000), size 12320768, SharedBaseAddress: 0x0000000800000000, ArchiveRelocationMode: 0.
Compressed class space mapped at: 0x0000000800c00000-0x0000000840c00000, reserved size: 1073741824
Narrow klass base: 0x0000000800000000, Narrow klass shift: 0, Narrow klass range: 0x100000000

GC Precious Log:
 CPUs: 8 total, 8 available
 Memory: 7886M
 Large Page Support: Disabled
 NUMA Support: Disabled
 Compressed Oops: Enabled (32-bit)
 Heap Region Size: 1M
 Heap Min Capacity: 8M
 Heap Initial Capacity: 124M
 Heap Max Capacity: 1972M
 Pre-touch: Disabled
 Parallel Workers: 8
 Concurrent Workers: 2
 Concurrent Refinement Workers: 8
 Periodic GC: Disabled

Heap:
 garbage-first heap   total 126976K, used 32133K [0x0000000084c00000, 0x0000000100000000)
  region size 1024K, 30 young (30720K), 3 survivors (3072K)
 Metaspace       used 16005K, committed 16320K, reserved 1064960K
  class space    used 1903K, committed 2048K, reserved 1048576K

Heap Regions: E=young(eden), S=young(survivor), O=old, HS=humongous(starts), HC=humongous(continues), CS=collection set, F=free, OA=open archive, CA=closed archive, TAMS=top-at-mark-start (previous, next)
|   0|0x0000000084c00000, 0x0000000084d00000, 0x0000000084d00000|100%| O|  |TAMS 0x0000000084c00000, 0x0000000084c00000| Untracked 
|   1|0x0000000084d00000, 0x0000000084e00000, 0x0000000084e00000|100%| O|  |TAMS 0x0000000084d00000, 0x0000000084d00000| Untracked 
|   2|0x0000000084e00000, 0x0000000084e61400, 0x0000000084f00000| 37%| O|  |TAMS 0x0000000084e00000, 0x0000000084e00000| Untracked 
|   3|0x0000000084f00000, 0x0000000084f00000, 0x0000000085000000|  0%| F|  |TAMS 0x0000000084f00000, 0x0000000084f00000| Untracked 
|   4|0x0000000085000000, 0x0000000085000000, 0x0000000085100000|  0%| F|  |TAMS 0x0000000085000000, 0x0000000085000000| Untracked 
|   5|0x0000000085100000, 0x0000000085100000, 0x0000000085200000|  0%| F|  |TAMS 0x0000000085100000, 0x0000000085100000| Untracked 
|   6|0x0000000085200000, 0x0000000085200000, 0x0000000085300000|  0%| F|  |TAMS 0x0000000085200000, 0x0000000085200000| Untracked 
|   7|0x0000000085300000, 0x0000000085300000, 0x0000000085400000|  0%| F|  |TAMS 0x0000000085300000, 0x0000000085300000| Untracked 
|   8|0x0000000085400000, 0x0000000085400000, 0x0000000085500000|  0%| F|  |TAMS 0x0000000085400000, 0x0000000085400000| Untracked 
|   9|0x0000000085500000, 0x0000000085500000, 0x0000000085600000|  0%| F|  |TAMS 0x0000000085500000, 0x0000000085500000| Untracked 
|  10|0x0000000085600000, 0x0000000085600000, 0x0000000085700000|  0%| F|  |TAMS 0x0000000085600000, 0x0000000085600000| Untracked 
|  11|0x0000000085700000, 0x0000000085700000, 0x0000000085800000|  0%| F|  |TAMS 0x0000000085700000, 0x0000000085700000| Untracked 
|  12|0x0000000085800000, 0x0000000085800000, 0x0000000085900000|  0%| F|  |TAMS 0x0000000085800000, 0x0000000085800000| Untracked 
|  13|0x0000000085900000, 0x0000000085900000, 0x0000000085a00000|  0%| F|  |TAMS 0x0000000085900000, 0x0000000085900000| Untracked 
|  14|0x0000000085a00000, 0x0000000085a00000, 0x0000000085b00000|  0%| F|  |TAMS 0x0000000085a00000, 0x0000000085a00000| Untracked 
|  15|0x0000000085b00000, 0x0000000085b00000, 0x0000000085c00000|  0%| F|  |TAMS 0x0000000085b00000, 0x0000000085b00000| Untracked 
|  16|0x0000000085c00000, 0x0000000085c00000, 0x0000000085d00000|  0%| F|  |TAMS 0x0000000085c00000, 0x0000000085c00000| Untracked 
|  17|0x0000000085d00000, 0x0000000085d00000, 0x0000000085e00000|  0%| F|  |TAMS 0x0000000085d00000, 0x0000000085d00000| Untracked 
|  18|0x0000000085e00000, 0x0000000085e00000, 0x0000000085f00000|  0%| F|  |TAMS 0x0000000085e00000, 0x0000000085e00000| Untracked 
|  19|0x0000000085f00000, 0x0000000085f00000, 0x0000000086000000|  0%| F|  |TAMS 0x0000000085f00000, 0x0000000085f00000| Untracked 
|  20|0x0000000086000000, 0x0000000086000000, 0x0000000086100000|  0%| F|  |TAMS 0x0000000086000000, 0x0000000086000000| Untracked 
|  21|0x0000000086100000, 0x0000000086100000, 0x0000000086200000|  0%| F|  |TAMS 0x0000000086100000, 0x0000000086100000| Untracked 
|  22|0x0000000086200000, 0x0000000086200000, 0x0000000086300000|  0%| F|  |TAMS 0x0000000086200000, 0x0000000086200000| Untracked 
|  23|0x0000000086300000, 0x0000000086300000, 0x0000000086400000|  0%| F|  |TAMS 0x0000000086300000, 0x0000000086300000| Untracked 
|  24|0x0000000086400000, 0x0000000086400000, 0x0000000086500000|  0%| F|  |TAMS 0x0000000086400000, 0x0000000086400000| Untracked 
|  25|0x0000000086500000, 0x0000000086500000, 0x0000000086600000|  0%| F|  |TAMS 0x0000000086500000, 0x0000000086500000| Untracked 
|  26|0x0000000086600000, 0x0000000086600000, 0x0000000086700000|  0%| F|  |TAMS 0x0000000086600000, 0x0000000086600000| Untracked 
|  27|0x0000000086700000, 0x0000000086700000, 0x0000000086800000|  0%| F|  |TAMS 0x0000000086700000, 0x0000000086700000| Untracked 
|  28|0x0000000086800000, 0x0000000086800000, 0x0000000086900000|  0%| F|  |TAMS 0x0000000086800000, 0x0000000086800000| Untracked 
|  29|0x0000000086900000, 0x0000000086900000, 0x0000000086a00000|  0%| F|  |TAMS 0x0000000086900000, 0x0000000086900000| Untracked 
|  30|0x0000000086a00000, 0x0000000086a00000, 0x0000000086b00000|  0%| F|  |TAMS 0x0000000086a00000, 0x0000000086a00000| Untracked 
|  31|0x0000000086b00000, 0x0000000086b00000, 0x0000000086c00000|  0%| F|  |TAMS 0x0000000086b00000, 0x0000000086b00000| Untracked 
|  32|0x0000000086c00000, 0x0000000086c00000, 0x0000000086d00000|  0%| F|  |TAMS 0x0000000086c00000, 0x0000000086c00000| Untracked 
|  33|0x0000000086d00000, 0x0000000086d00000, 0x0000000086e00000|  0%| F|  |TAMS 0x0000000086d00000, 0x0000000086d00000| Untracked 
|  34|0x0000000086e00000, 0x0000000086e00000, 0x0000000086f00000|  0%| F|  |TAMS 0x0000000086e00000, 0x0000000086e00000| Untracked 
|  35|0x0000000086f00000, 0x0000000086f00000, 0x0000000087000000|  0%| F|  |TAMS 0x0000000086f00000, 0x0000000086f00000| Untracked 
|  36|0x0000000087000000, 0x0000000087000000, 0x0000000087100000|  0%| F|  |TAMS 0x0000000087000000, 0x0000000087000000| Untracked 
|  37|0x0000000087100000, 0x0000000087100000, 0x0000000087200000|  0%| F|  |TAMS 0x0000000087100000, 0x0000000087100000| Untracked 
|  38|0x0000000087200000, 0x0000000087200000, 0x0000000087300000|  0%| F|  |TAMS 0x0000000087200000, 0x0000000087200000| Untracked 
|  39|0x0000000087300000, 0x0000000087300000, 0x0000000087400000|  0%| F|  |TAMS 0x0000000087300000, 0x0000000087300000| Untracked 
|  40|0x0000000087400000, 0x0000000087400000, 0x0000000087500000|  0%| F|  |TAMS 0x0000000087400000, 0x0000000087400000| Untracked 
|  41|0x0000000087500000, 0x0000000087500000, 0x0000000087600000|  0%| F|  |TAMS 0x0000000087500000, 0x0000000087500000| Untracked 
|  42|0x0000000087600000, 0x0000000087600000, 0x0000000087700000|  0%| F|  |TAMS 0x0000000087600000, 0x0000000087600000| Untracked 
|  43|0x0000000087700000, 0x0000000087700000, 0x0000000087800000|  0%| F|  |TAMS 0x0000000087700000, 0x0000000087700000| Untracked 
|  44|0x0000000087800000, 0x0000000087800000, 0x0000000087900000|  0%| F|  |TAMS 0x0000000087800000, 0x0000000087800000| Untracked 
|  45|0x0000000087900000, 0x0000000087900000, 0x0000000087a00000|  0%| F|  |TAMS 0x0000000087900000, 0x0000000087900000| Untracked 
|  46|0x0000000087a00000, 0x0000000087a00000, 0x0000000087b00000|  0%| F|  |TAMS 0x0000000087a00000, 0x0000000087a00000| Untracked 
|  47|0x0000000087b00000, 0x0000000087b00000, 0x0000000087c00000|  0%| F|  |TAMS 0x0000000087b00000, 0x0000000087b00000| Untracked 
|  48|0x0000000087c00000, 0x0000000087c00000, 0x0000000087d00000|  0%| F|  |TAMS 0x0000000087c00000, 0x0000000087c00000| Untracked 
|  49|0x0000000087d00000, 0x0000000087d00000, 0x0000000087e00000|  0%| F|  |TAMS 0x0000000087d00000, 0x0000000087d00000| Untracked 
|  50|0x0000000087e00000, 0x0000000087e00000, 0x0000000087f00000|  0%| F|  |TAMS 0x0000000087e00000, 0x0000000087e00000| Untracked 
|  51|0x0000000087f00000, 0x0000000087f00000, 0x0000000088000000|  0%| F|  |TAMS 0x0000000087f00000, 0x0000000087f00000| Untracked 
|  52|0x0000000088000000, 0x0000000088000000, 0x0000000088100000|  0%| F|  |TAMS 0x0000000088000000, 0x0000000088000000| Untracked 
|  53|0x0000000088100000, 0x0000000088100000, 0x0000000088200000|  0%| F|  |TAMS 0x0000000088100000, 0x0000000088100000| Untracked 
|  54|0x0000000088200000, 0x0000000088200000, 0x0000000088300000|  0%| F|  |TAMS 0x0000000088200000, 0x0000000088200000| Untracked 
|  55|0x0000000088300000, 0x0000000088300000, 0x0000000088400000|  0%| F|  |TAMS 0x0000000088300000, 0x0000000088300000| Untracked 
|  56|0x0000000088400000, 0x0000000088400000, 0x0000000088500000|  0%| F|  |TAMS 0x0000000088400000, 0x0000000088400000| Untracked 
|  57|0x0000000088500000, 0x0000000088500000, 0x0000000088600000|  0%| F|  |TAMS 0x0000000088500000, 0x0000000088500000| Untracked 
|  58|0x0000000088600000, 0x0000000088600000, 0x0000000088700000|  0%| F|  |TAMS 0x0000000088600000, 0x0000000088600000| Untracked 
|  59|0x0000000088700000, 0x0000000088700000, 0x0000000088800000|  0%| F|  |TAMS 0x0000000088700000, 0x0000000088700000| Untracked 
|  60|0x0000000088800000, 0x0000000088800000, 0x0000000088900000|  0%| F|  |TAMS 0x0000000088800000, 0x0000000088800000| Untracked 
|  61|0x0000000088900000, 0x0000000088900000, 0x0000000088a00000|  0%| F|  |TAMS 0x0000000088900000, 0x0000000088900000| Untracked 
|  62|0x0000000088a00000, 0x0000000088a00000, 0x0000000088b00000|  0%| F|  |TAMS 0x0000000088a00000, 0x0000000088a00000| Untracked 
|  63|0x0000000088b00000, 0x0000000088b00000, 0x0000000088c00000|  0%| F|  |TAMS 0x0000000088b00000, 0x0000000088b00000| Untracked 
|  64|0x0000000088c00000, 0x0000000088c00000, 0x0000000088d00000|  0%| F|  |TAMS 0x0000000088c00000, 0x0000000088c00000| Untracked 
|  65|0x0000000088d00000, 0x0000000088d00000, 0x0000000088e00000|  0%| F|  |TAMS 0x0000000088d00000, 0x0000000088d00000| Untracked 
|  66|0x0000000088e00000, 0x0000000088e00000, 0x0000000088f00000|  0%| F|  |TAMS 0x0000000088e00000, 0x0000000088e00000| Untracked 
|  67|0x0000000088f00000, 0x0000000088f00000, 0x0000000089000000|  0%| F|  |TAMS 0x0000000088f00000, 0x0000000088f00000| Untracked 
|  68|0x0000000089000000, 0x0000000089000000, 0x0000000089100000|  0%| F|  |TAMS 0x0000000089000000, 0x0000000089000000| Untracked 
|  69|0x0000000089100000, 0x0000000089100000, 0x0000000089200000|  0%| F|  |TAMS 0x0000000089100000, 0x0000000089100000| Untracked 
|  70|0x0000000089200000, 0x0000000089200000, 0x0000000089300000|  0%| F|  |TAMS 0x0000000089200000, 0x0000000089200000| Untracked 
|  71|0x0000000089300000, 0x0000000089300000, 0x0000000089400000|  0%| F|  |TAMS 0x0000000089300000, 0x0000000089300000| Untracked 
|  72|0x0000000089400000, 0x0000000089400000, 0x0000000089500000|  0%| F|  |TAMS 0x0000000089400000, 0x0000000089400000| Untracked 
|  73|0x0000000089500000, 0x0000000089500000, 0x0000000089600000|  0%| F|  |TAMS 0x0000000089500000, 0x0000000089500000| Untracked 
|  74|0x0000000089600000, 0x0000000089600000, 0x0000000089700000|  0%| F|  |TAMS 0x0000000089600000, 0x0000000089600000| Untracked 
|  75|0x0000000089700000, 0x0000000089700000, 0x0000000089800000|  0%| F|  |TAMS 0x0000000089700000, 0x0000000089700000| Untracked 
|  76|0x0000000089800000, 0x0000000089800000, 0x0000000089900000|  0%| F|  |TAMS 0x0000000089800000, 0x0000000089800000| Untracked 
|  77|0x0000000089900000, 0x0000000089900000, 0x0000000089a00000|  0%| F|  |TAMS 0x0000000089900000, 0x0000000089900000| Untracked 
|  78|0x0000000089a00000, 0x0000000089a00000, 0x0000000089b00000|  0%| F|  |TAMS 0x0000000089a00000, 0x0000000089a00000| Untracked 
|  79|0x0000000089b00000, 0x0000000089b00000, 0x0000000089c00000|  0%| F|  |TAMS 0x0000000089b00000, 0x0000000089b00000| Untracked 
|  80|0x0000000089c00000, 0x0000000089c00000, 0x0000000089d00000|  0%| F|  |TAMS 0x0000000089c00000, 0x0000000089c00000| Untracked 
|  81|0x0000000089d00000, 0x0000000089d00000, 0x0000000089e00000|  0%| F|  |TAMS 0x0000000089d00000, 0x0000000089d00000| Untracked 
|  82|0x0000000089e00000, 0x0000000089e00000, 0x0000000089f00000|  0%| F|  |TAMS 0x0000000089e00000, 0x0000000089e00000| Untracked 
|  83|0x0000000089f00000, 0x0000000089f00000, 0x000000008a000000|  0%| F|  |TAMS 0x0000000089f00000, 0x0000000089f00000| Untracked 
|  84|0x000000008a000000, 0x000000008a000000, 0x000000008a100000|  0%| F|  |TAMS 0x000000008a000000, 0x000000008a000000| Untracked 
|  85|0x000000008a100000, 0x000000008a100000, 0x000000008a200000|  0%| F|  |TAMS 0x000000008a100000, 0x000000008a100000| Untracked 
|  86|0x000000008a200000, 0x000000008a200000, 0x000000008a300000|  0%| F|  |TAMS 0x000000008a200000, 0x000000008a200000| Untracked 
|  87|0x000000008a300000, 0x000000008a300000, 0x000000008a400000|  0%| F|  |TAMS 0x000000008a300000, 0x000000008a300000| Untracked 
|  88|0x000000008a400000, 0x000000008a400000, 0x000000008a500000|  0%| F|  |TAMS 0x000000008a400000, 0x000000008a400000| Untracked 
|  89|0x000000008a500000, 0x000000008a500000, 0x000000008a600000|  0%| F|  |TAMS 0x000000008a500000, 0x000000008a500000| Untracked 
|  90|0x000000008a600000, 0x000000008a600000, 0x000000008a700000|  0%| F|  |TAMS 0x000000008a600000, 0x000000008a600000| Untracked 
|  91|0x000000008a700000, 0x000000008a700000, 0x000000008a800000|  0%| F|  |TAMS 0x000000008a700000, 0x000000008a700000| Untracked 
|  92|0x000000008a800000, 0x000000008a800000, 0x000000008a900000|  0%| F|  |TAMS 0x000000008a800000, 0x000000008a800000| Untracked 
|  93|0x000000008a900000, 0x000000008a980800, 0x000000008aa00000| 50%| E|  |TAMS 0x000000008a900000, 0x000000008a900000| Complete 
|  94|0x000000008aa00000, 0x000000008ab00000, 0x000000008ab00000|100%| E|CS|TAMS 0x000000008aa00000, 0x000000008aa00000| Complete 
|  95|0x000000008ab00000, 0x000000008ac00000, 0x000000008ac00000|100%| E|CS|TAMS 0x000000008ab00000, 0x000000008ab00000| Complete 
|  96|0x000000008ac00000, 0x000000008ad00000, 0x000000008ad00000|100%| E|CS|TAMS 0x000000008ac00000, 0x000000008ac00000| Complete 
|  97|0x000000008ad00000, 0x000000008ae00000, 0x000000008ae00000|100%| E|CS|TAMS 0x000000008ad00000, 0x000000008ad00000| Complete 
|  98|0x000000008ae00000, 0x000000008af00000, 0x000000008af00000|100%| S|CS|TAMS 0x000000008ae00000, 0x000000008ae00000| Complete 
|  99|0x000000008af00000, 0x000000008b000000, 0x000000008b000000|100%| S|CS|TAMS 0x000000008af00000, 0x000000008af00000| Complete 
| 100|0x000000008b000000, 0x000000008b100000, 0x000000008b100000|100%| S|CS|TAMS 0x000000008b000000, 0x000000008b000000| Complete 
| 101|0x000000008b100000, 0x000000008b200000, 0x000000008b200000|100%| E|CS|TAMS 0x000000008b100000, 0x000000008b100000| Complete 
| 102|0x000000008b200000, 0x000000008b300000, 0x000000008b300000|100%| E|CS|TAMS 0x000000008b200000, 0x000000008b200000| Complete 
| 103|0x000000008b300000, 0x000000008b400000, 0x000000008b400000|100%| E|CS|TAMS 0x000000008b300000, 0x000000008b300000| Complete 
| 104|0x000000008b400000, 0x000000008b500000, 0x000000008b500000|100%| E|CS|TAMS 0x000000008b400000, 0x000000008b400000| Complete 
| 105|0x000000008b500000, 0x000000008b600000, 0x000000008b600000|100%| E|CS|TAMS 0x000000008b500000, 0x000000008b500000| Complete 
| 106|0x000000008b600000, 0x000000008b700000, 0x000000008b700000|100%| E|CS|TAMS 0x000000008b600000, 0x000000008b600000| Complete 
| 107|0x000000008b700000, 0x000000008b800000, 0x000000008b800000|100%| E|CS|TAMS 0x000000008b700000, 0x000000008b700000| Complete 
| 108|0x000000008b800000, 0x000000008b900000, 0x000000008b900000|100%| E|CS|TAMS 0x000000008b800000, 0x000000008b800000| Complete 
| 109|0x000000008b900000, 0x000000008ba00000, 0x000000008ba00000|100%| E|CS|TAMS 0x000000008b900000, 0x000000008b900000| Complete 
| 110|0x000000008ba00000, 0x000000008bb00000, 0x000000008bb00000|100%| E|CS|TAMS 0x000000008ba00000, 0x000000008ba00000| Complete 
| 111|0x000000008bb00000, 0x000000008bc00000, 0x000000008bc00000|100%| E|CS|TAMS 0x000000008bb00000, 0x000000008bb00000| Complete 
| 112|0x000000008bc00000, 0x000000008bd00000, 0x000000008bd00000|100%| E|CS|TAMS 0x000000008bc00000, 0x000000008bc00000| Complete 
| 113|0x000000008bd00000, 0x000000008be00000, 0x000000008be00000|100%| E|CS|TAMS 0x000000008bd00000, 0x000000008bd00000| Complete 
| 114|0x000000008be00000, 0x000000008bf00000, 0x000000008bf00000|100%| E|CS|TAMS 0x000000008be00000, 0x000000008be00000| Complete 
| 115|0x000000008bf00000, 0x000000008c000000, 0x000000008c000000|100%| E|CS|TAMS 0x000000008bf00000, 0x000000008bf00000| Complete 
| 116|0x000000008c000000, 0x000000008c100000, 0x000000008c100000|100%| E|CS|TAMS 0x000000008c000000, 0x000000008c000000| Complete 
| 117|0x000000008c100000, 0x000000008c200000, 0x000000008c200000|100%| E|CS|TAMS 0x000000008c100000, 0x000000008c100000| Complete 
| 118|0x000000008c200000, 0x000000008c300000, 0x000000008c300000|100%| E|CS|TAMS 0x000000008c200000, 0x000000008c200000| Complete 
| 119|0x000000008c300000, 0x000000008c400000, 0x000000008c400000|100%| E|CS|TAMS 0x000000008c300000, 0x000000008c300000| Complete 
| 120|0x000000008c400000, 0x000000008c500000, 0x000000008c500000|100%| E|CS|TAMS 0x000000008c400000, 0x000000008c400000| Complete 
| 121|0x000000008c500000, 0x000000008c600000, 0x000000008c600000|100%| E|CS|TAMS 0x000000008c500000, 0x000000008c500000| Complete 
| 122|0x000000008c600000, 0x000000008c700000, 0x000000008c700000|100%| E|CS|TAMS 0x000000008c600000, 0x000000008c600000| Complete 
| 123|0x000000008c700000, 0x000000008c800000, 0x000000008c800000|100%| E|CS|TAMS 0x000000008c700000, 0x000000008c700000| Complete 

Card table byte_map: [0x0000019aab5d0000,0x0000019aab9b0000] _byte_map_base: 0x0000019aab1aa000

Marking Bits (Prev, Next): (CMBitMap*) 0x0000019a9441d7f0, (CMBitMap*) 0x0000019a9441d830
 Prev Bits: [0x0000019aabd90000, 0x0000019aadc60000)
 Next Bits: [0x0000019aadc60000, 0x0000019aafb30000)

Polling page: 0x0000019a92270000

Metaspace:

Usage:
  Non-class:     13.80 MB used.
      Class:      1.86 MB used.
       Both:     15.66 MB used.

Virtual space:
  Non-class space:       16.00 MB reserved,      13.94 MB ( 87%) committed,  2 nodes.
      Class space:        1.00 GB reserved,       2.00 MB ( <1%) committed,  1 nodes.
             Both:        1.02 GB reserved,      15.94 MB (  2%) committed. 

Chunk freelists:
   Non-Class:  1.45 MB
       Class:  2.00 MB
        Both:  3.45 MB

MaxMetaspaceSize: unlimited
CompressedClassSpaceSize: 1.00 GB
Initial GC threshold: 21.00 MB
Current GC threshold: 21.00 MB
CDS: on
MetaspaceReclaimPolicy: balanced
 - commit_granule_bytes: 65536.
 - commit_granule_words: 8192.
 - virtual_space_node_default_size: 1048576.
 - enlarge_chunks_in_place: 1.
 - new_chunks_are_fully_committed: 0.
 - uncommit_free_chunks: 1.
 - use_allocation_guard: 0.
 - handle_deallocations: 1.


Internal statistics:

num_allocs_failed_limit: 0.
num_arena_births: 282.
num_arena_deaths: 0.
num_vsnodes_births: 3.
num_vsnodes_deaths: 0.
num_space_committed: 255.
num_space_uncommitted: 0.
num_chunks_returned_to_freelist: 0.
num_chunks_taken_from_freelist: 655.
num_chunk_merges: 0.
num_chunk_splits: 430.
num_chunks_enlarged: 291.
num_purges: 0.
num_inconsistent_stats: 0.

CodeHeap 'non-profiled nmethods': size=120000Kb used=728Kb max_used=728Kb free=119271Kb
 bounds [0x0000019aa3990000, 0x0000019aa3c00000, 0x0000019aaaec0000]
CodeHeap 'profiled nmethods': size=120000Kb used=3805Kb max_used=3805Kb free=116194Kb
 bounds [0x0000019a9bec0000, 0x0000019a9c280000, 0x0000019aa33f0000]
CodeHeap 'non-nmethods': size=5760Kb used=1268Kb max_used=1282Kb free=4491Kb
 bounds [0x0000019aa33f0000, 0x0000019aa3660000, 0x0000019aa3990000]
 total_blobs=2542 nmethods=1978 adapters=476
 compilation: enabled
              stopped_count=0, restarted_count=0
 full_count=0

Compilation events (20 events):
Event: 1.755 Thread 0x0000019ab2556590 nmethod 1949 0x0000019a9c264b10 code [0x0000019a9c264cc0, 0x0000019a9c264f28]
Event: 1.755 Thread 0x0000019ab2556590 1950       3       io.netty.buffer.PoolSubpage::<init> (46 bytes)
Event: 1.755 Thread 0x0000019ab2556590 nmethod 1950 0x0000019a9c265010 code [0x0000019a9c265200, 0x0000019a9c2657f8]
Event: 1.756 Thread 0x0000019ab2554220 1951       4       io.netty.buffer.SizeClasses::sizeOf (29 bytes)
Event: 1.757 Thread 0x0000019ab2554220 nmethod 1951 0x0000019aa3a43810 code [0x0000019aa3a43980, 0x0000019aa3a43a38]
Event: 1.761 Thread 0x0000019ab2549980 1952       4       jdk.internal.loader.URLClassPath::getResource (74 bytes)
Event: 1.762 Thread 0x0000019ab2554220 1953       4       java.lang.String::regionMatches (150 bytes)
Event: 1.763 Thread 0x0000019ab2556590 1954       3       java.util.concurrent.ConcurrentHashMap::<init> (9 bytes)
Event: 1.763 Thread 0x0000019ab2556590 nmethod 1954 0x0000019a9c265a10 code [0x0000019a9c265be0, 0x0000019a9c265d28]
Event: 1.763 Thread 0x0000019ab2556590 1955       3       java.util.concurrent.ConcurrentHashMap::resizeStamp (9 bytes)
Event: 1.764 Thread 0x0000019ab2556590 nmethod 1955 0x0000019a9c265e10 code [0x0000019a9c265fa0, 0x0000019a9c2660c8]
Event: 1.770 Thread 0x0000019ab2554220 nmethod 1953 0x0000019aa3a43b10 code [0x0000019aa3a43cc0, 0x0000019aa3a444b8]
Event: 1.776 Thread 0x0000019ab2556590 1956       3       jdk.internal.misc.VM::isSupportedClassFileVersion (39 bytes)
Event: 1.777 Thread 0x0000019ab2556590 nmethod 1956 0x0000019a9c266190 code [0x0000019a9c266340, 0x0000019a9c2665d8]
Event: 1.777 Thread 0x0000019ab2556590 1957       3       jdk.internal.org.objectweb.asm.ClassReader::readUTF8 (23 bytes)
Event: 1.777 Thread 0x0000019ab2556590 nmethod 1957 0x0000019a9c266690 code [0x0000019a9c266840, 0x0000019a9c266a98]
Event: 1.777 Thread 0x0000019ab2556590 1958       3       java.lang.invoke.MethodHandles$Lookup$ClassOption::optionsToFlag (40 bytes)
Event: 1.777 Thread 0x0000019ab2556590 nmethod 1958 0x0000019a9c266b90 code [0x0000019a9c266d60, 0x0000019a9c267268]
Event: 1.777 Thread 0x0000019ab2556590 1959       3       java.lang.System$2::defineClass (21 bytes)
Event: 1.777 Thread 0x0000019ab2556590 nmethod 1959 0x0000019a9c267410 code [0x0000019a9c2675c0, 0x0000019a9c267748]

GC Heap History (2 events):
Event: 0.763 GC heap before
{Heap before GC invocations=0 (full 0):
 garbage-first heap   total 126976K, used 22528K [0x0000000084c00000, 0x0000000100000000)
  region size 1024K, 23 young (23552K), 0 survivors (0K)
 Metaspace       used 6602K, committed 6912K, reserved 1056768K
  class space    used 754K, committed 896K, reserved 1048576K
}
Event: 0.771 GC heap after
{Heap after GC invocations=1 (full 0):
 garbage-first heap   total 126976K, used 5509K [0x0000000084c00000, 0x0000000100000000)
  region size 1024K, 3 young (3072K), 3 survivors (3072K)
 Metaspace       used 6602K, committed 6912K, reserved 1056768K
  class space    used 754K, committed 896K, reserved 1048576K
}

Dll operation events (13 events):
Event: 0.010 Loaded shared library C:\Users\ASUS\.jdks\corretto-17.0.6\bin\java.dll
Event: 0.018 Loaded shared library C:\Users\ASUS\.jdks\corretto-17.0.6\bin\jsvml.dll
Event: 0.106 Loaded shared library C:\Users\ASUS\.jdks\corretto-17.0.6\bin\zip.dll
Event: 0.108 Loaded shared library C:\Users\ASUS\.jdks\corretto-17.0.6\bin\instrument.dll
Event: 0.112 Loaded shared library C:\Users\ASUS\.jdks\corretto-17.0.6\bin\net.dll
Event: 0.114 Loaded shared library C:\Users\ASUS\.jdks\corretto-17.0.6\bin\nio.dll
Event: 0.120 Loaded shared library C:\Users\ASUS\.jdks\corretto-17.0.6\bin\zip.dll
Event: 0.124 Loaded shared library C:\Program Files\JetBrains\IntelliJ IDEA Community Edition 2022.3.2\bin\breakgen64.dll
Event: 0.168 Loaded shared library C:\Users\ASUS\.jdks\corretto-17.0.6\bin\verify.dll
Event: 0.173 Loaded shared library C:\Users\ASUS\.jdks\corretto-17.0.6\bin\jimage.dll
Event: 1.441 Loaded shared library C:\Users\ASUS\.jdks\corretto-17.0.6\bin\management.dll
Event: 1.443 Loaded shared library C:\Users\ASUS\.jdks\corretto-17.0.6\bin\management_ext.dll
Event: 1.647 Loaded shared library C:\Users\ASUS\.jdks\corretto-17.0.6\bin\sunmscapi.dll

Deoptimization events (20 events):
Event: 1.603 Thread 0x0000019a943c2a60 DEOPT PACKING pc=0x0000019a9c20b4be sp=0x0000004394ffb960
Event: 1.603 Thread 0x0000019a943c2a60 DEOPT UNPACKING pc=0x0000019aa344ace3 sp=0x0000004394ffade0 mode 0
Event: 1.604 Thread 0x0000019a943c2a60 DEOPT PACKING pc=0x0000019a9c20b4be sp=0x0000004394ffb940
Event: 1.604 Thread 0x0000019a943c2a60 DEOPT UNPACKING pc=0x0000019aa344ace3 sp=0x0000004394ffadc0 mode 0
Event: 1.605 Thread 0x0000019a943c2a60 DEOPT PACKING pc=0x0000019a9c20b4be sp=0x0000004394ffb960
Event: 1.605 Thread 0x0000019a943c2a60 DEOPT UNPACKING pc=0x0000019aa344ace3 sp=0x0000004394ffade0 mode 0
Event: 1.605 Thread 0x0000019a943c2a60 DEOPT PACKING pc=0x0000019a9c20b4be sp=0x0000004394ffb960
Event: 1.605 Thread 0x0000019a943c2a60 DEOPT UNPACKING pc=0x0000019aa344ace3 sp=0x0000004394ffade0 mode 0
Event: 1.609 Thread 0x0000019a943c2a60 Uncommon trap: trap_request=0xffffffc6 fr.pc=0x0000019aa39dd5dc relative=0x000000000000041c
Event: 1.609 Thread 0x0000019a943c2a60 Uncommon trap: reason=bimorphic_or_optimized_type_check action=maybe_recompile pc=0x0000019aa39dd5dc method=java.util.HashMap.getNode(Ljava/lang/Object;)Ljava/util/HashMap$Node; @ 128 c2
Event: 1.609 Thread 0x0000019a943c2a60 DEOPT PACKING pc=0x0000019aa39dd5dc sp=0x0000004394ffba20
Event: 1.609 Thread 0x0000019a943c2a60 DEOPT UNPACKING pc=0x0000019aa344a1a3 sp=0x0000004394ffb998 mode 2
Event: 1.614 Thread 0x0000019a943c2a60 Uncommon trap: trap_request=0xffffffc6 fr.pc=0x0000019aa39dd5dc relative=0x000000000000041c
Event: 1.614 Thread 0x0000019a943c2a60 Uncommon trap: reason=bimorphic_or_optimized_type_check action=maybe_recompile pc=0x0000019aa39dd5dc method=java.util.HashMap.getNode(Ljava/lang/Object;)Ljava/util/HashMap$Node; @ 128 c2
Event: 1.614 Thread 0x0000019a943c2a60 DEOPT PACKING pc=0x0000019aa39dd5dc sp=0x0000004394ffba20
Event: 1.614 Thread 0x0000019a943c2a60 DEOPT UNPACKING pc=0x0000019aa344a1a3 sp=0x0000004394ffb998 mode 2
Event: 1.615 Thread 0x0000019a943c2a60 Uncommon trap: trap_request=0xffffffc6 fr.pc=0x0000019aa39dd5dc relative=0x000000000000041c
Event: 1.615 Thread 0x0000019a943c2a60 Uncommon trap: reason=bimorphic_or_optimized_type_check action=maybe_recompile pc=0x0000019aa39dd5dc method=java.util.HashMap.getNode(Ljava/lang/Object;)Ljava/util/HashMap$Node; @ 128 c2
Event: 1.615 Thread 0x0000019a943c2a60 DEOPT PACKING pc=0x0000019aa39dd5dc sp=0x0000004394ffba20
Event: 1.615 Thread 0x0000019a943c2a60 DEOPT UNPACKING pc=0x0000019aa344a1a3 sp=0x0000004394ffb998 mode 2

Classes unloaded (0 events):
No events

Classes redefined (0 events):
No events

Internal exceptions (20 events):
Event: 0.722 Thread 0x0000019a943c2a60 Exception <a 'java/lang/NoSuchMethodError'{0x000000008b2f9498}: 'void java.lang.invoke.DirectMethodHandle$Holder.invokeInterface(java.lang.Object, java.lang.Object)'> (0x000000008b2f9498) 
thrown [s\src\hotspot\share\interpreter\linkResolver.cpp, line 759]
Event: 0.843 Thread 0x0000019a943c2a60 Exception <a 'java/net/SocketException'{0x000000008c54a820}: Socket is not connected: shutdown> (0x000000008c54a820) 
thrown [s\src\hotspot\share\prims\jni.cpp, line 535]
Event: 0.844 Thread 0x0000019a943c2a60 Exception <a 'java/net/SocketException'{0x000000008c54b0b8}: Socket is not connected: shutdown> (0x000000008c54b0b8) 
thrown [s\src\hotspot\share\prims\jni.cpp, line 535]
Event: 0.879 Thread 0x0000019a943c2a60 Exception <a 'java/lang/NoSuchMethodError'{0x000000008c45fc40}: 'void java.lang.invoke.DirectMethodHandle$Holder.invokeStaticInit(java.lang.Object, java.lang.Object)'> (0x000000008c45fc40) 
thrown [s\src\hotspot\share\interpreter\linkResolver.cpp, line 759]
Event: 0.904 Thread 0x0000019a943c2a60 Exception <a 'sun/nio/fs/WindowsException'{0x000000008c4d1f50}> (0x000000008c4d1f50) 
thrown [s\src\hotspot\share\prims\jni.cpp, line 516]
Event: 0.980 Thread 0x0000019a943c2a60 Exception <a 'java/lang/NoSuchMethodError'{0x000000008c4d6b60}: 'void java.lang.invoke.DirectMethodHandle$Holder.invokeStatic(java.lang.Object, long)'> (0x000000008c4d6b60) 
thrown [s\src\hotspot\share\interpreter\linkResolver.cpp, line 759]
Event: 0.981 Thread 0x0000019a943c2a60 Exception <a 'java/lang/NoSuchMethodError'{0x000000008c4dc1b0}: 'java.lang.Object java.lang.invoke.DirectMethodHandle$Holder.newInvokeSpecial(java.lang.Object, long)'> (0x000000008c4dc1b0) 
thrown [s\src\hotspot\share\interpreter\linkResolver.cpp, line 759]
Event: 0.983 Thread 0x0000019a943c2a60 Exception <a 'java/lang/NoSuchMethodError'{0x000000008c4e3000}: 'java.lang.Object java.lang.invoke.DirectMethodHandle$Holder.invokeStatic(java.lang.Object, java.lang.Object, long, java.lang.Object)'> (0x000000008c4e3000) 
thrown [s\src\hotspot\share\interpreter\linkResolver.cpp, line 759]
Event: 0.983 Thread 0x0000019a943c2a60 Exception <a 'java/lang/NoSuchMethodError'{0x000000008c4e6a98}: 'java.lang.Object java.lang.invoke.DirectMethodHandle$Holder.invokeStaticInit(java.lang.Object, java.lang.Object, long, java.lang.Object)'> (0x000000008c4e6a98) 
thrown [s\src\hotspot\share\interpreter\linkResolver.cpp, line 759]
Event: 0.983 Thread 0x0000019a943c2a60 Exception <a 'java/lang/NoSuchMethodError'{0x000000008c4ecdc8}: 'java.lang.Object java.lang.invoke.DirectMethodHandle$Holder.newInvokeSpecial(java.lang.Object, java.lang.Object, long)'> (0x000000008c4ecdc8) 
thrown [s\src\hotspot\share\interpreter\linkResolver.cpp, line 759]
Event: 1.340 Thread 0x0000019a943c2a60 Exception <a 'java/lang/NoSuchMethodError'{0x000000008c226ee8}: 'java.lang.Object java.lang.invoke.DirectMethodHandle$Holder.invokeSpecialIFC(java.lang.Object, java.lang.Object, java.lang.Object, java.lang.Object)'> (0x000000008c226ee8) 
thrown [s\src\hotspot\share\interpreter\linkResolver.cpp, line 759]
Event: 1.342 Thread 0x0000019a943c2a60 Exception <a 'java/lang/NoSuchMethodError'{0x000000008c238240}: 'double java.lang.invoke.DirectMethodHandle$Holder.invokeVirtual(java.lang.Object, java.lang.Object)'> (0x000000008c238240) 
thrown [s\src\hotspot\share\interpreter\linkResolver.cpp, line 759]
Event: 1.343 Thread 0x0000019a943c2a60 Exception <a 'java/lang/NoSuchMethodError'{0x000000008c23e9e8}: 'float java.lang.invoke.DirectMethodHandle$Holder.invokeVirtual(java.lang.Object, java.lang.Object)'> (0x000000008c23e9e8) 
thrown [s\src\hotspot\share\interpreter\linkResolver.cpp, line 759]
Event: 1.344 Thread 0x0000019a943c2a60 Exception <a 'java/lang/NoSuchMethodError'{0x000000008c2479c8}: 'long java.lang.invoke.DirectMethodHandle$Holder.invokeVirtual(java.lang.Object, java.lang.Object)'> (0x000000008c2479c8) 
thrown [s\src\hotspot\share\interpreter\linkResolver.cpp, line 759]
Event: 1.347 Thread 0x0000019a943c2a60 Exception <a 'java/lang/NoSuchMethodError'{0x000000008c275ec8}: 'java.lang.Object java.lang.invoke.DirectMethodHandle$Holder.invokeVirtual(java.lang.Object, java.lang.Object, java.lang.Object)'> (0x000000008c275ec8) 
thrown [s\src\hotspot\share\interpreter\linkResolver.cpp, line 759]
Event: 1.410 Thread 0x0000019a943c2a60 Exception <a 'java/lang/NoClassDefFoundError'{0x000000008bf9a3f0}> (0x000000008bf9a3f0) 
thrown [s\src\hotspot\share\oops\instanceKlass.cpp, line 1166]
Event: 1.411 Thread 0x0000019a943c2a60 Exception <a 'java/lang/NoClassDefFoundError'{0x000000008bfa4930}: org/apache/logging/log4j/spi/ExtendedLoggerWrapper> (0x000000008bfa4930) 
thrown [s\src\hotspot\share\classfile\systemDictionary.cpp, line 245]
Event: 1.411 Thread 0x0000019a943c2a60 Exception <a 'java/lang/NoClassDefFoundError'{0x000000008bfaf170}: org/apache/log4j/Priority> (0x000000008bfaf170) 
thrown [s\src\hotspot\share\classfile\systemDictionary.cpp, line 245]
Event: 1.520 Thread 0x0000019a943c2a60 Exception <a 'sun/nio/fs/WindowsException'{0x000000008ba4ccf0}> (0x000000008ba4ccf0) 
thrown [s\src\hotspot\share\prims\jni.cpp, line 516]
Event: 1.531 Thread 0x0000019a943c2a60 Exception <a 'java/lang/NoSuchMethodError'{0x000000008ba6b898}: 'int java.lang.invoke.DirectMethodHandle$Holder.invokeStaticInit(java.lang.Object, java.lang.Object, java.lang.Object, java.lang.Object)'> (0x000000008ba6b898) 
thrown [s\src\hotspot\share\interpreter\linkResolver.cpp, line 759]

VM Operations (20 events):
Event: 0.681 Executing VM operation: HandshakeAllThreads
Event: 0.681 Executing VM operation: HandshakeAllThreads done
Event: 0.761 Executing VM operation: HandshakeAllThreads
Event: 0.761 Executing VM operation: HandshakeAllThreads done
Event: 0.763 Executing VM operation: G1CollectForAllocation
Event: 0.771 Executing VM operation: G1CollectForAllocation done
Event: 0.856 Executing VM operation: HandshakeAllThreads
Event: 0.856 Executing VM operation: HandshakeAllThreads done
Event: 0.889 Executing VM operation: HandshakeAllThreads
Event: 0.889 Executing VM operation: HandshakeAllThreads done
Event: 1.407 Executing VM operation: HandshakeAllThreads
Event: 1.407 Executing VM operation: HandshakeAllThreads done
Event: 1.416 Executing VM operation: HandshakeAllThreads
Event: 1.416 Executing VM operation: HandshakeAllThreads done
Event: 1.492 Executing VM operation: HandshakeAllThreads
Event: 1.492 Executing VM operation: HandshakeAllThreads done
Event: 1.703 Executing VM operation: ICBufferFull
Event: 1.704 Executing VM operation: ICBufferFull done
Event: 1.708 Executing VM operation: HandshakeAllThreads
Event: 1.708 Executing VM operation: HandshakeAllThreads done

Events (20 events):
Event: 1.708 loading class java/nio/channels/spi/AbstractInterruptibleChannel$1
Event: 1.708 loading class sun/nio/ch/Interruptible
Event: 1.708 loading class sun/nio/ch/Interruptible done
Event: 1.708 loading class java/nio/channels/spi/AbstractInterruptibleChannel$1 done
Event: 1.709 loading class java/nio/BufferMismatch
Event: 1.709 loading class java/nio/BufferMismatch done
Event: 1.709 loading class sun/nio/ch/SourceChannelImpl
Event: 1.709 loading class java/nio/channels/Pipe$SourceChannel
Event: 1.709 loading class java/nio/channels/Pipe$SourceChannel done
Event: 1.709 loading class sun/nio/ch/SourceChannelImpl done
Event: 1.709 loading class sun/nio/ch/SinkChannelImpl
Event: 1.709 loading class java/nio/channels/Pipe$SinkChannel
Event: 1.709 loading class java/nio/channels/Pipe$SinkChannel done
Event: 1.709 loading class sun/nio/ch/SinkChannelImpl done
Event: 1.710 loading class java/nio/channels/SelectionKey
Event: 1.710 loading class java/nio/channels/SelectionKey done
Event: 1.736 loading class java/nio/charset/CharacterCodingException
Event: 1.736 loading class java/nio/charset/CharacterCodingException done
Event: 1.747 loading class java/nio/ReadOnlyBufferException
Event: 1.747 loading class java/nio/ReadOnlyBufferException done


Dynamic libraries:
0x00007ff711a90000 - 0x00007ff711a9d000 	C:\Users\ASUS\.jdks\corretto-17.0.6\bin\java.exe
0x00007ff9ad8b0000 - 0x00007ff9adaa8000 	C:\Windows\SYSTEM32\ntdll.dll
0x00007ff9ac580000 - 0x00007ff9ac63f000 	C:\Windows\System32\KERNEL32.DLL
0x00007ff9ab460000 - 0x00007ff9ab732000 	C:\Windows\System32\KERNELBASE.dll
0x00007ff9ab740000 - 0x00007ff9ab840000 	C:\Windows\System32\ucrtbase.dll
0x00007ff9a63c0000 - 0x00007ff9a63d7000 	C:\Users\ASUS\.jdks\corretto-17.0.6\bin\jli.dll
0x00007ff9a63a0000 - 0x00007ff9a63b5000 	C:\Users\ASUS\.jdks\corretto-17.0.6\bin\VCRUNTIME140.dll
0x00007ff9acb70000 - 0x00007ff9acd11000 	C:\Windows\System32\USER32.dll
0x00007ff9ab2b0000 - 0x00007ff9ab2d2000 	C:\Windows\System32\win32u.dll
0x00007ff9ab980000 - 0x00007ff9ab9ab000 	C:\Windows\System32\GDI32.dll
0x00007ff994360000 - 0x00007ff9945fa000 	C:\Windows\WinSxS\amd64_microsoft.windows.common-controls_6595b64144ccf1df_6.0.19041.1110_none_60b5254171f9507e\COMCTL32.dll
0x00007ff9ab350000 - 0x00007ff9ab45f000 	C:\Windows\System32\gdi32full.dll
0x00007ff9ad100000 - 0x00007ff9ad19e000 	C:\Windows\System32\msvcrt.dll
0x00007ff9ab150000 - 0x00007ff9ab1ed000 	C:\Windows\System32\msvcp_win.dll
0x00007ff9ac2f0000 - 0x00007ff9ac322000 	C:\Windows\System32\IMM32.DLL
0x00007ff98b320000 - 0x00007ff98b3bb000 	C:\Users\ASUS\.jdks\corretto-17.0.6\bin\msvcp140.dll
0x00007ff925f60000 - 0x00007ff926b78000 	C:\Users\ASUS\.jdks\corretto-17.0.6\bin\server\jvm.dll
0x00007ff9aca60000 - 0x00007ff9acb0e000 	C:\Windows\System32\ADVAPI32.dll
0x00007ff9ac250000 - 0x00007ff9ac2ec000 	C:\Windows\System32\sechost.dll
0x00007ff9ac850000 - 0x00007ff9ac975000 	C:\Windows\System32\RPCRT4.dll
0x00007ff9a3e10000 - 0x00007ff9a3e19000 	C:\Windows\SYSTEM32\WSOCK32.dll
0x00007ff9a3d90000 - 0x00007ff9a3d9a000 	C:\Windows\SYSTEM32\VERSION.dll
0x00007ff992e00000 - 0x00007ff992e27000 	C:\Windows\SYSTEM32\WINMM.dll
0x00007ff9acd20000 - 0x00007ff9acd8b000 	C:\Windows\System32\WS2_32.dll
0x00007ff9a97f0000 - 0x00007ff9a9802000 	C:\Windows\SYSTEM32\kernel.appcore.dll
0x00007ff9a8020000 - 0x00007ff9a802a000 	C:\Users\ASUS\.jdks\corretto-17.0.6\bin\jimage.dll
0x00007ff9a93d0000 - 0x00007ff9a95b4000 	C:\Windows\SYSTEM32\DBGHELP.DLL
0x00007ff9a2690000 - 0x00007ff9a26c5000 	C:\Windows\SYSTEM32\dbgcore.DLL
0x00007ff9ab220000 - 0x00007ff9ab2a2000 	C:\Windows\System32\bcryptPrimitives.dll
0x00007ff9a65c0000 - 0x00007ff9a65ce000 	C:\Users\ASUS\.jdks\corretto-17.0.6\bin\instrument.dll
0x00007ff99c7d0000 - 0x00007ff99c7f5000 	C:\Users\ASUS\.jdks\corretto-17.0.6\bin\java.dll
0x00007ff9898d0000 - 0x00007ff9899a6000 	C:\Users\ASUS\.jdks\corretto-17.0.6\bin\jsvml.dll
0x00007ff9ab9d0000 - 0x00007ff9ac115000 	C:\Windows\System32\SHELL32.dll
0x00007ff9a8b70000 - 0x00007ff9a9302000 	C:\Windows\SYSTEM32\windows.storage.dll
0x00007ff9acd90000 - 0x00007ff9ad0e5000 	C:\Windows\System32\combase.dll
0x00007ff9aa990000 - 0x00007ff9aa9c0000 	C:\Windows\SYSTEM32\Wldp.dll
0x00007ff9ac330000 - 0x00007ff9ac3dd000 	C:\Windows\System32\SHCORE.dll
0x00007ff9ac3e0000 - 0x00007ff9ac435000 	C:\Windows\System32\shlwapi.dll
0x00007ff9aaee0000 - 0x00007ff9aaeff000 	C:\Windows\SYSTEM32\profapi.dll
0x00007ff99c7a0000 - 0x00007ff99c7b8000 	C:\Users\ASUS\.jdks\corretto-17.0.6\bin\zip.dll
0x00007ff9a5830000 - 0x00007ff9a5849000 	C:\Users\ASUS\.jdks\corretto-17.0.6\bin\net.dll
0x00007ff9a6020000 - 0x00007ff9a612c000 	C:\Windows\SYSTEM32\WINHTTP.dll
0x00007ff9aa6f0000 - 0x00007ff9aa75a000 	C:\Windows\system32\mswsock.dll
0x00007ff99d430000 - 0x00007ff99d445000 	C:\Users\ASUS\.jdks\corretto-17.0.6\bin\nio.dll
0x00007ff9a4a70000 - 0x00007ff9a4a8a000 	C:\Program Files\JetBrains\IntelliJ IDEA Community Edition 2022.3.2\bin\breakgen64.dll
0x00007ff9a6520000 - 0x00007ff9a6530000 	C:\Users\ASUS\.jdks\corretto-17.0.6\bin\verify.dll
0x00007ff9aa8e0000 - 0x00007ff9aa8f8000 	C:\Windows\SYSTEM32\CRYPTSP.dll
0x00007ff9a9fa0000 - 0x00007ff9a9fd4000 	C:\Windows\system32\rsaenh.dll
0x00007ff9ab1f0000 - 0x00007ff9ab217000 	C:\Windows\System32\bcrypt.dll
0x00007ff9aaea0000 - 0x00007ff9aaece000 	C:\Windows\SYSTEM32\USERENV.dll
0x00007ff9aa900000 - 0x00007ff9aa90c000 	C:\Windows\SYSTEM32\CRYPTBASE.dll
0x00007ff9aa3e0000 - 0x00007ff9aa41b000 	C:\Windows\SYSTEM32\IPHLPAPI.DLL
0x00007ff9ad0f0000 - 0x00007ff9ad0f8000 	C:\Windows\System32\NSI.dll
0x00007ff9a2c60000 - 0x00007ff9a2c77000 	C:\Windows\SYSTEM32\dhcpcsvc6.DLL
0x00007ff9a3d70000 - 0x00007ff9a3d8d000 	C:\Windows\SYSTEM32\dhcpcsvc.DLL
0x00007ff9aa420000 - 0x00007ff9aa4eb000 	C:\Windows\SYSTEM32\DNSAPI.dll
0x00007ff9a2b30000 - 0x00007ff9a2b3a000 	C:\Windows\System32\rasadhlp.dll
0x00007ff9a0fe0000 - 0x00007ff9a1060000 	C:\Windows\System32\fwpuclnt.dll
0x00007ff9a82c0000 - 0x00007ff9a8350000 	C:\Windows\system32\apphelp.dll
0x00007ff9a64e0000 - 0x00007ff9a64e9000 	C:\Users\ASUS\.jdks\corretto-17.0.6\bin\management.dll
0x00007ff9a6460000 - 0x00007ff9a646b000 	C:\Users\ASUS\.jdks\corretto-17.0.6\bin\management_ext.dll
0x00007ff9ad3f0000 - 0x00007ff9ad3f8000 	C:\Windows\System32\PSAPI.DLL
0x00007ff9a6370000 - 0x00007ff9a637e000 	C:\Users\ASUS\.jdks\corretto-17.0.6\bin\sunmscapi.dll
0x00007ff9aaff0000 - 0x00007ff9ab146000 	C:\Windows\System32\CRYPT32.dll
0x00007ff9aaa00000 - 0x00007ff9aaa27000 	C:\Windows\SYSTEM32\ncrypt.dll
0x00007ff9aa9c0000 - 0x00007ff9aa9fb000 	C:\Windows\SYSTEM32\NTASN1.dll
0x00007ff98e930000 - 0x00007ff98e937000 	C:\Windows\system32\wshunix.dll

dbghelp: loaded successfully - version: 4.0.5 - missing functions: none
symbol engine: initialized successfully - sym options: 0x614 - pdb path: .;C:\Users\ASUS\.jdks\corretto-17.0.6\bin;C:\Windows\SYSTEM32;C:\Windows\WinSxS\amd64_microsoft.windows.common-controls_6595b64144ccf1df_6.0.19041.1110_none_60b5254171f9507e;C:\Users\ASUS\.jdks\corretto-17.0.6\bin\server;C:\Program Files\JetBrains\IntelliJ IDEA Community Edition 2022.3.2\bin

VM Arguments:
jvm_args: -ea -Didea.test.cyclic.buffer.size=1048576 -javaagent:C:\Program Files\JetBrains\IntelliJ IDEA Community Edition 2022.3.2\lib\idea_rt.jar=62027:C:\Program Files\JetBrains\IntelliJ IDEA Community Edition 2022.3.2\bin -Dfile.encoding=UTF-8 
java_command: com.intellij.rt.testng.RemoteTestNGStarter -usedefaultlisteners false -socket62026 @w@C:\Users\ASUS\AppData\Local\Temp\idea_working_dirs_testng.tmp -temp C:\Users\ASUS\AppData\Local\Temp\idea_testng.tmp
java_class_path (initial): C:\Program Files\JetBrains\IntelliJ IDEA Community Edition 2022.3.2\lib\idea_rt.jar;C:\Program Files\JetBrains\IntelliJ IDEA Community Edition 2022.3.2\plugins\testng\lib\testng-rt.jar;C:\Users\ASUS\IdeaProjects\JenkinsQA_06\target\test-classes;C:\Users\ASUS\.m2\repository\org\apache\commons\commons-lang3\3.12.0\commons-lang3-3.12.0.jar;C:\Users\ASUS\.m2\repository\com\github\javafaker\javafaker\1.0.2\javafaker-1.0.2.jar;C:\Users\ASUS\.m2\repository\org\yaml\snakeyaml\1.23\snakeyaml-1.23-android.jar;C:\Users\ASUS\.m2\repository\com\github\mifmif\generex\1.0.2\generex-1.0.2.jar;C:\Users\ASUS\.m2\repository\dk\brics\automaton\automaton\1.11-8\automaton-1.11-8.jar;C:\Users\ASUS\.m2\repository\org\testng\testng\7.7.1\testng-7.7.1.jar;C:\Users\ASUS\.m2\repository\org\slf4j\slf4j-api\1.7.36\slf4j-api-1.7.36.jar;C:\Users\ASUS\.m2\repository\com\beust\jcommander\1.82\jcommander-1.82.jar;C:\Users\ASUS\.m2\repository\org\webjars\jquery\3.6.1\jquery-3.6.1.jar;C:\Users\ASUS\.m2\repository\org\seleniumhq\selenium\selenium-java\4.8.3\selenium-java-4.8.3.jar;C:\Users\ASUS\.m2\repository\org\seleniumhq\selenium\selenium-api\4.8.3\selenium-api-4.8.3.jar;C:\Users\ASUS\.m2\repository\org\seleniumhq\selenium\selenium-chrome-driver\4.8.3\selenium-chrome-driver-4.8.3.jar;C:\Users\ASUS\.m2\repository\com\google\auto\service\auto-service-annotations\1.0.1\auto-service-annotations-1.0.1.jar;C:\Users\ASUS\.m2\repository\com\google\auto\service\auto-service\1.0.1\auto-service-1.0.1.jar;C:\Users\ASUS\.m2\repository\com\google\auto\auto-common\1.2\auto-common-1.2.jar;C:\Users\ASUS\.m2\repository\com\google\guava\guava\31.1-jre\guava-31.1-jre.jar;C:\Users\ASUS\.m2\repository\com\google\guava\failureaccess\1.0.1\failureaccess-1.0.1.jar;C:\Users\ASUS\.m2\repository\com\google\guava\listenablefuture\9999.0-empty-to-avoid-conflict-with-guava\listenablefuture-9999.0-empty-to-avoid-conflict-with-guava.jar;C:\Users\ASUS\.m2\repository\com\google\code\findbugs\jsr305\3.0.2\j
Launcher Type: SUN_STANDARD

[Global flags]
     intx CICompilerCount                          = 4                                         {product} {ergonomic}
     uint ConcGCThreads                            = 2                                         {product} {ergonomic}
     uint G1ConcRefinementThreads                  = 8                                         {product} {ergonomic}
   size_t G1HeapRegionSize                         = 1048576                                   {product} {ergonomic}
    uintx GCDrainStackTargetSize                   = 64                                        {product} {ergonomic}
   size_t InitialHeapSize                          = 130023424                                 {product} {ergonomic}
   size_t MarkStackSize                            = 4194304                                   {product} {ergonomic}
   size_t MaxHeapSize                              = 2067791872                                {product} {ergonomic}
   size_t MaxNewSize                               = 1240465408                                {product} {ergonomic}
   size_t MinHeapDeltaBytes                        = 1048576                                   {product} {ergonomic}
   size_t MinHeapSize                              = 8388608                                   {product} {ergonomic}
    uintx NonNMethodCodeHeapSize                   = 5839372                                {pd product} {ergonomic}
    uintx NonProfiledCodeHeapSize                  = 122909434                              {pd product} {ergonomic}
    uintx ProfiledCodeHeapSize                     = 122909434                              {pd product} {ergonomic}
    uintx ReservedCodeCacheSize                    = 251658240                              {pd product} {ergonomic}
     bool SegmentedCodeCache                       = true                                      {product} {ergonomic}
   size_t SoftMaxHeapSize                          = 2067791872                             {manageable} {ergonomic}
     bool UseCompressedClassPointers               = true                           {product lp64_product} {ergonomic}
     bool UseCompressedOops                        = true                           {product lp64_product} {ergonomic}
     bool UseG1GC                                  = true                                      {product} {ergonomic}
     bool UseLargePagesIndividualAllocation        = false                                  {pd product} {ergonomic}

Logging:
Log output configuration:
 #0: stdout all=warning uptime,level,tags
 #1: stderr all=off uptime,level,tags

Environment Variables:
PATH=C:\Windows\system32;C:\Windows;C:\Windows\System32\Wbem;C:\Windows\System32\WindowsPowerShell\v1.0\;C:\Windows\System32\OpenSSH\;C:\Program Files\MySQL\MySQL Shell 8.0\bin\;C:\Users\ASUS\AppData\Local\Microsoft\WindowsApps;
USERNAME=ASUS
OS=Windows_NT
PROCESSOR_IDENTIFIER=Intel64 Family 6 Model 140 Stepping 1, GenuineIntel
TMP=C:\Users\ASUS\AppData\Local\Temp
TEMP=C:\Users\ASUS\AppData\Local\Temp



---------------  S Y S T E M  ---------------

OS:
 Windows 10 , 64 bit Build 19041 (10.0.19041.2546)
OS uptime: 35 days 7:50 hours

CPU: total 8 (initial active 8) (4 cores per cpu, 2 threads per core) family 6 model 140 stepping 1 microcode 0x9a, cx8, cmov, fxsr, ht, mmx, 3dnowpref, sse, sse2, sse3, ssse3, sse4.1, sse4.2, popcnt, lzcnt, tsc, tscinvbit, avx, avx2, aes, erms, clmul, bmi1, bmi2, adx, avx512f, avx512dq, avx512cd, avx512bw, avx512vl, sha, fma, vzeroupper, avx512_vpopcntdq, avx512_vpclmulqdq, avx512_vaes, avx512_vnni, clflush, clflushopt, clwb, avx512_vbmi2, avx512_vbmi

Memory: 4k page, system-wide physical 7886M (501M free)
TotalPageFile size 22806M (AvailPageFile size 2M)
current process WorkingSet (physical memory assigned to process): 118M, peak: 118M
current process commit charge ("private bytes"): 253M, peak: 254M

vm_info: OpenJDK 64-Bit Server VM (17.0.6+10-LTS) for windows-amd64 JRE (17.0.6+10-LTS), built on Jan 13 2023 22:57:04 by "Administrator" with MS VC++ 15.9 (VS2017)

END.
